[2021-07-16 15:53:27] [1faoal58t]"Posible path injection (pwa\/install.js) (get)."
[2021-07-16 15:53:29] [1faoal7r6]"Posible path injection (pwa\/install.js) (get)."
[2021-07-16 15:54:22] [1faoamr0d]"Posible path injection (pwa\/install.js) (get)."
[2021-07-16 15:57:57] [1faoatdae]"Posible path injection (pwa\/install.js) (get)."
[2021-07-16 15:58:43] [1faoauqe8]"Posible path injection (pwa\/install.js) (get)."
[2021-07-16 15:58:50] [1faoav0o7]"Posible path injection (pwa\/install.js) (get)."
[2021-07-16 15:59:22] [1faob00n0]"Posible path injection (pwa\/install.js) (get)."
[2021-07-16 15:59:52] [1faob0tdk]"Posible path injection (pwa\/install.js) (get)."
[2021-07-16 16:02:09] [1faob52vl]"Posible path injection (pwa\/install.js) (get)."
[2021-07-16 16:02:20] [1faob5dth]"El controlador no responde a la accion. (index->getResumen)."
[2021-07-16 16:02:22] [1faob5fsr]"Posible path injection (pwa\/install.js) (get)."
[2021-07-16 16:02:32] [1faob5q6s]"Posible path injection (pwa\/install.js) (get)."
[2021-07-16 16:03:07] [1faob6s20]"Posible path injection (pwa\/install.js) (get)."
[2021-07-16 16:03:34] [1faob7mjl]"Posible path injection (pwa\/install.js) (get)."
[2021-07-16 16:03:37] [1faob7ou2]"La vista no existe (C:\\xampp\\htdocs\\mvc\/..\/app\/views\/index\/formulario.html)."
[2021-07-16 16:03:43] [1faob7uog]"Posible path injection (pwa\/install.js) (get)."
[2021-07-16 16:04:10] [1faob8pb1]"La vista no existe (C:\\xampp\\htdocs\\mvc\/..\/app\/views\/index\/formulario.html)."
[2021-07-16 16:04:12] [1faob8rnd]"Posible path injection (pwa\/install.js) (get)."
[2021-07-16 16:04:40] [1faob9mm7]"Posible path injection (pwa\/install.js) (get)."
[2021-07-16 16:04:50] [1faoba0kq]"Posible path injection (pwa\/install.js) (get)."
[2021-07-16 16:05:40] [1faobbhpt]"El controlador no responde a la accion. (index->getResumen)."
[2021-07-16 16:05:46] [1faobbn00]"Posible path injection (pwa\/install.js) (get)."
[2021-07-16 16:05:50] [1faobbqud]"Posible path injection (pwa\/install.js) (get)."
[2021-07-16 16:07:23] [1faobelom]"Posible path injection (pwa\/install.js) (get)."
[2021-07-16 16:07:54] [1faobfkds]"Posible path injection (pwa\/install.js) (get)."
[2021-07-16 16:08:22] [1faobgf9e]"Posible path injection (pwa\/install.js) (get)."
[2021-07-16 16:09:32] [1faobijhk]"Posible path injection (pwa\/install.js) (get)."
[2021-07-16 16:09:35] [1faobin69]"El controlador no existe (C:\\xampp\\htdocs\\mvc\/..\/app\/controllers\/resumen.php) (post)."
[2021-07-16 16:09:37] [1faobioje]"Posible path injection (pwa\/install.js) (get)."
[2021-07-16 16:09:44] [1faobivcg]"Posible path injection (pwa\/install.js) (get)."
[2021-07-16 16:09:49] [1faobj4df]"El controlador no responde a la accion. (index->postIndexResumen)."
[2021-07-16 16:09:50] [1faobj5km]"Posible path injection (pwa\/install.js) (get)."
[2021-07-16 16:09:56] [1faobjbis]"Posible path injection (pwa\/install.js) (get)."
[2021-07-16 16:10:14] [1faobjssg]"Posible path injection (pwa\/install.js) (get)."
[2021-07-16 16:11:10] [1faobljnb]"Posible path injection (pwa\/install.js) (get)."
[2021-07-16 16:11:33] [1faobmai9]"Posible path injection (pwa\/install.js) (get)."
[2021-07-16 16:11:44] [1faobmktv]"Posible path injection (pwa\/install.js) (get)."
[2021-07-16 16:11:57] [1faobn1i9]"Posible path injection (pwa\/install.js) (get)."
[2021-07-16 16:12:06] [1faobna9a]"Posible path injection (pwa\/install.js) (get)."
[2021-07-16 16:12:56] [1faoboqun]"Posible path injection (pwa\/install.js) (get)."
[2021-07-16 16:13:51] [1faobqhai]"Posible path injection (pwa\/install.js) (get)."
[2021-07-16 16:15:16] [1faobt3g3]"Posible path injection (pwa\/install.js) (get)."
[2021-07-16 16:15:18] [1faobt60f]"Posible path injection (pwa\/install.js) (get)."
[2021-07-16 16:15:30] [1faobthog]"Posible path injection (pwa\/install.js) (get)."
[2021-07-16 16:15:35] [1faobtmna]"Posible path injection (index\/uploads\/1ee90k1q8.png) (get)."
[2021-07-16 16:15:35] [1faobtmnc]"Posible path injection (index\/uploads\/1ee93i1r6.png) (get)."
[2021-07-16 16:15:35] [1faobtmnf]"Posible path injection (index\/uploads\/1eegkrdgn.png) (get)."
[2021-07-16 16:15:35] [1faobtmnh]"Posible path injection (index\/uploads\/1eej6r96i.png) (get)."
[2021-07-16 16:15:35] [1faobtmnk]"Posible path injection (index\/uploads\/1eej6rjsv.png) (get)."
[2021-07-16 16:15:35] [1faobtmnn]"Posible path injection (index\/uploads\/1eej6tsnt.png) (get)."
[2021-07-16 16:15:35] [1faobtmnq]"Posible path injection (index\/uploads\/1eej6vc74.png) (get)."
[2021-07-16 16:15:35] [1faobtmns]"Posible path injection (index\/uploads\/1f2p9ehis.jpg) (get)."
[2021-07-16 16:15:35] [1faobtmnu]"Posible path injection (pwa\/install.js) (get)."
[2021-07-16 16:15:38] [1faobtpob]"Posible path injection (pwa\/install.js) (get)."
[2021-07-16 16:15:42] [1faobtt08]"Posible path injection (pwa\/install.js) (get)."
[2021-07-16 16:15:59] [1faobue6j]"Posible path injection (pwa\/install.js) (get)."
[2021-07-16 16:16:19] [1faobv141]"Posible path injection (pwa\/install.js) (get)."
[2021-07-16 16:17:04] [1faoc0dl0]"Posible path injection (pwa\/install.js) (get)."
[2021-07-16 16:17:06] [1faoc0fp6]"Posible path injection (pwa\/install.js) (get)."
[2021-07-16 16:17:07] [1faoc0frf]"Posible path injection (pwa\/low.png) (get)."
[2021-07-16 16:17:07] [1faoc0fri]"Posible path injection (pwa\/hi.png) (get)."
[2021-07-16 16:17:15] [1faoc0oab]"Posible path injection (pwa\/install.js) (get)."
[2021-07-16 16:17:18] [1faoc0r9t]"Posible path injection (pwa\/install.js) (get)."
[2021-07-16 16:17:25] [1faoc11en]"Posible path injection (pwa\/install.js) (get)."
[2021-07-16 16:21:39] [1faoc8q98]"Posible path injection (pwa\/install.js) (get)."
[2021-07-16 16:22:09] [1faoc9n0o]"Posible path injection (pwa\/install.js) (get)."
[2021-07-16 16:22:17] [1faoc9v0q]"Posible path injection (pwa\/install.js) (get)."
[2021-07-16 16:22:25] [1faoca6ck]"Posible path injection (pwa\/install.js) (get)."
[2021-07-16 16:22:43] [1faocao57]"Posible path injection (pwa\/install.js) (get)."
[2021-07-16 16:23:32] [1faocc8cj]"Posible path injection (pwa\/install.js) (get)."
[2021-07-16 16:24:16] [1faocdisd]"Posible path injection (pwa\/install.js) (get)."
[2021-07-16 16:26:58] [1faocih56]"Posible path injection (pwa\/install.js) (get)."
[2021-07-16 16:27:57] [1faockaiq]"Posible path injection (pwa\/install.js) (get)."
[2021-07-16 16:28:15] [1faocks79]"Posible path injection (pwa\/install.js) (get)."
[2021-07-16 16:28:51] [1faocm04o]"Posible path injection (pwa\/install.js) (get)."
[2021-07-16 16:29:00] [1faocm8ur]"Posible path injection (pwa\/install.js) (get)."
[2021-07-16 16:32:09] [1faocs187]"Posible path injection (pwa\/install.js) (get)."
[2021-07-16 16:32:25] [1faocsgu0]"Posible path injection (pwa\/install.js) (get)."
[2021-07-16 16:32:43] [1faoct2eq]"Posible path injection (pwa\/install.js) (get)."
[2021-07-16 16:35:16] [1faod1ncl]"Posible path injection (pwa\/install.js) (get)."
[2021-07-16 16:36:36] [1faod461u]"Posible path injection (pwa\/install.js) (get)."
[2021-07-16 16:36:36] [1faod4623]"Posible path injection (pwa\/install.js) (get)."
[2021-07-16 16:36:59] [1faod4sbj]"Posible path injection (pwa\/install.js) (get)."
[2021-07-16 16:37:02] [1faod4v84]"Posible path injection (pwa\/install.js) (get)."
[2021-07-16 16:37:13] [1faod5a69]"Posible path injection (pwa\/install.js) (get)."
[2021-07-16 16:39:08] [1faod8qnm]"Posible path injection (pwa\/install.js) (get)."
[2021-07-16 16:41:28] [1faodd36r]"Posible path injection (pwa\/install.js) (get)."
[2021-07-16 16:41:40] [1faoddei9]"Posible path injection (pwa\/install.js) (get)."
[2021-07-16 16:41:40] [1faoddf7p]"Posible path injection (pwa\/install.js) (get)."
[2021-07-16 16:41:41] [1faoddfcn]"Posible path injection (pwa\/install.js) (get)."
[2021-07-16 16:41:41] [1faoddfg9]"Posible path injection (pwa\/install.js) (get)."
[2021-07-16 16:41:41] [1faoddfkn]"Posible path injection (pwa\/install.js) (get)."
[2021-07-16 16:41:41] [1faoddfnl]"Posible path injection (pwa\/install.js) (get)."
[2021-07-16 16:41:44] [1faoddj2k]"Posible path injection (pwa\/install.js) (get)."
[2021-07-16 16:41:44] [1faoddj3c]"Posible path injection (pwa\/hi.png) (get)."
[2021-07-16 16:41:44] [1faoddj3f]"Posible path injection (pwa\/low.png) (get)."
[2021-07-16 16:42:09] [1faodebfp]"Posible path injection (pwa\/install.js) (get)."
[2021-07-16 16:42:49] [1faodfi26]"Posible path injection (pwa\/install.js) (get)."
[2021-07-16 16:43:47] [1faodhb4r]"Posible path injection (pwa\/install.js) (get)."
[2021-07-16 16:44:00] [1faodhn8k]"Posible path injection (pwa\/install.js) (get)."
[2021-07-16 16:44:25] [1faodig6g]"Posible path injection (pwa\/install.js) (get)."
[2021-07-16 16:45:48] [1faodl0f8]"Posible path injection (pwa\/install.js) (get)."
[2021-07-16 16:46:09] [1faodllu6]"Posible path injection (pwa\/install.js) (get)."
[2021-07-16 16:46:33] [1faodmceh]"Posible path injection (pwa\/install.js) (get)."
[2021-07-16 16:46:59] [1faodn6h3]"Posible path injection (pwa\/install.js) (get)."
[2021-07-16 16:47:53] [1faodoqrp]"Posible path injection (pwa\/install.js) (get)."
[2021-07-16 16:48:32] [1faodq1a0]"Posible path injection (pwa\/install.js) (get)."
[2021-07-16 16:48:44] [1faodqcun]"Posible path injection (pwa\/install.js) (get)."
[2021-07-16 16:48:46] [1faodqf3d]"Posible path injection (pwa\/install.js) (get)."
[2021-07-16 16:48:46] [1faodqf5t]"Posible path injection (pwa\/hi.png) (get)."
[2021-07-16 16:48:46] [1faodqf60]"Posible path injection (pwa\/low.png) (get)."
[2021-07-16 16:51:38] [1faodvmti]"Posible path injection (pwa\/install.js) (get)."
[2021-07-16 16:51:48] [1faoe008m]"Posible path injection (pwa\/install.js) (get)."
[2021-07-16 16:52:45] [1faoe1nmu]"Posible path injection (pwa\/install.js) (get)."
[2021-07-16 16:54:56] [1faoe5nvv]"Posible path injection (pwa\/install.js) (get)."
[2021-07-16 16:55:10] [1faoe65rk]"Posible path injection (pwa\/install.js) (get)."
[2021-07-16 16:55:26] [1faoe6l9o]"Posible path injection (pwa\/install.js) (get)."
[2021-07-16 16:55:33] [1faoe6s2k]"Posible path injection (pwa\/install.js) (get)."
[2021-07-16 16:56:09] [1faoe7vhr]"Posible path injection (pwa\/install.js) (get)."
[2021-07-16 16:56:26] [1faoe8g5e]"Posible path injection (pwa\/install.js) (get)."
[2021-07-16 16:56:45] [1faoe92s1]"Posible path injection (pwa\/install.js) (get)."
[2021-07-16 16:57:29] [1faoead95]"Posible path injection (pwa\/install.js) (get)."
[2021-07-16 16:57:44] [1faoeasir]"Posible path injection (pwa\/install.js) (get)."
[2021-07-16 16:58:45] [1faoeco2r]"Posible path injection (pwa\/install.js) (get)."
[2021-07-16 16:58:58] [1faoed44o]"Posible path injection (pwa\/install.js) (get)."
[2021-07-16 16:59:28] [1faoee1ln]"Posible path injection (pwa\/install.js) (get)."
[2021-07-16 17:01:11] [1faoeh6dc]"Posible path injection (pwa\/install.js) (get)."
[2021-07-16 17:02:26] [1faoejffg]"Posible path injection (pwa\/install.js) (get)."
[2021-07-16 17:02:31] [1faoejkl4]"Posible path injection (pwa\/install.js) (get)."
[2021-07-16 17:02:35] [1faoejnu5]"Posible path injection (pwa\/install.js) (get)."
[2021-07-16 17:02:48] [1faoek54l]"Posible path injection (pwa\/install.js) (get)."
[2021-07-16 17:02:50] [1faoek7cs]"Posible path injection (pwa\/install.js) (get)."
[2021-07-16 17:03:01] [1faoeki3d]"Posible path injection (pwa\/install.js) (get)."
[2021-07-16 17:03:34] [1faoeli74]"Posible path injection (pwa\/install.js) (get)."
[2021-07-16 17:04:39] [1faoenhte]"Posible path injection (pwa\/install.js) (get)."
[2021-07-16 17:06:21] [1faoeqkn7]"Posible path injection (pwa\/install.js) (get)."
[2021-07-16 17:06:42] [1faoera18]"Posible path injection (pwa\/install.js) (get)."
[2021-07-16 17:06:46] [1faoerddm]"Posible path injection (pwa\/install.js) (get)."
[2021-07-16 17:08:49] [1faoev62b]"Posible path injection (pwa\/install.js) (get)."
[2021-07-16 17:09:44] [1faof0rhn]"Posible path injection (pwa\/install.js) (get)."
[2021-07-16 17:11:33] [1faof45qc]"Posible path injection (pwa\/install.js) (get)."
[2021-07-16 17:12:55] [1faof6ljb]"Posible path injection (pwa\/install.js) (get)."
[2021-07-16 17:13:27] [1faof7ldo]"Posible path injection (pwa\/install.js) (get)."
[2021-07-16 17:17:10] [1faofeeep]"Posible path injection (pwa\/install.js) (get)."
[2021-07-16 17:17:42] [1faoffdkt]"Posible path injection (pwa\/install.js) (get)."
[2021-07-16 17:18:01] [1faofg0j0]"Posible path injection (pwa\/install.js) (get)."
[2021-07-16 17:18:06] [1faofg5et]"Posible path injection (pwa\/install.js) (get)."
[2021-07-16 17:18:32] [1faofgv6o]"Posible path injection (pwa\/install.js) (get)."
[2021-07-16 17:19:19] [1faofid5v]"Posible path injection (pwa\/install.js) (get)."
[2021-07-16 17:19:58] [1faofjif1]"Posible path injection (pwa\/install.js) (get)."
[2021-07-16 17:20:18] [1faofk6cq]"Posible path injection (pwa\/install.js) (get)."
[2021-07-16 17:20:23] [1faofkbel]"Posible path injection (pwa\/install.js) (get)."
[2021-07-16 17:20:29] [1faofkgsk]"Posible path injection (pwa\/install.js) (get)."
[2021-07-16 17:21:14] [1faofltf2]"Posible path injection (pwa\/install.js) (get)."
[2021-07-16 17:21:49] [1faofmv9e]"Posible path injection (pwa\/install.js) (get)."
[2021-07-16 17:23:08] [1faofpcih]"Posible path injection (pwa\/install.js) (get)."
[2021-07-16 17:24:04] [1faofr3gm]"Posible path injection (pwa\/install.js) (get)."
[2021-07-16 17:24:20] [1faofrj53]"Posible path injection (pwa\/install.js) (get)."
[2021-07-16 17:24:38] [1faofs4f6]"Posible path injection (pwa\/install.js) (get)."
[2021-07-16 17:25:10] [1faoft3ai]"Posible path injection (pwa\/install.js) (get)."
[2021-07-16 17:26:03] [1faofunml]"Posible path injection (pwa\/install.js) (get)."
[2021-07-16 17:26:04] [1faofuohd]"Posible path injection (pwa\/hi.png) (get)."
[2021-07-16 17:26:04] [1faofuohg]"Posible path injection (pwa\/low.png) (get)."
[2021-07-16 17:26:10] [1faofuu19]"Posible path injection (pwa\/install.js) (get)."
[2021-07-16 17:26:17] [1faofv56j]"Posible path injection (pwa\/install.js) (get)."
[2021-07-16 17:26:25] [1faofvd64]"Posible path injection (pwa\/install.js) (get)."
[2021-07-16 17:26:47] [1faog02l0]"Posible path injection (pwa\/install.js) (get)."
[2021-07-16 17:26:54] [1faog09hp]"Posible path injection (pwa\/install.js) (get)."
[2021-07-16 17:29:24] [1faog4r87]"Posible path injection (pwa\/install.js) (get)."
[2021-07-16 17:31:53] [1faog9d76]"Posible path injection (pwa\/install.js) (get)."
[2021-07-16 17:31:55] [1faog9en8]"Posible path injection (pwa\/install.js) (get)."
[2021-07-16 17:31:59] [1faog9jfb]"Posible path injection (pwa\/install.js) (get)."
[2021-07-16 17:32:05] [1faog9odp]"Posible path injection (pwa\/install.js) (get)."
[2021-07-16 17:41:04] [1faogq77e]"Posible path injection (pwa\/install.js) (get)."
[2021-07-16 17:41:13] [1faogqfnt]"Posible path injection (pwa\/install.js) (get)."
[2021-07-16 17:42:42] [1faogt72n]"Posible path injection (pwa\/install.js) (get)."
[2021-07-16 17:43:09] [1faogu0tf]"Posible path injection (pwa\/install.js) (get)."
[2021-07-16 17:43:10] [1faogu2jm]"Posible path injection (pwa\/install.js) (get)."
[2021-07-16 17:43:12] [1faogu49a]"Posible path injection (pwa\/install.js) (get)."
[2021-07-16 17:43:15] [1faogu78u]"Posible path injection (pwa\/install.js) (get)."
[2021-07-16 17:43:24] [1faoguffr]"Posible path injection (pwa\/install.js) (get)."
[2021-07-16 17:43:30] [1faogum37]"Posible path injection (pwa\/install.js) (get)."
[2021-07-16 17:43:36] [1faoguric]"Posible path injection (pwa\/install.js) (get)."
[2021-07-16 17:44:46] [1faoh104l]"Posible path injection (pwa\/install.js) (get)."
[2021-07-16 17:46:11] [1faoh3iio]"Posible path injection (pwa\/install.js) (get)."
[2021-07-16 17:46:15] [1faoh3mk5]"Posible path injection (pwa\/install.js) (get)."
[2021-07-16 17:46:27] [1faoh42kp]"Posible path injection (pwa\/install.js) (get)."
[2021-07-16 17:48:39] [1faoh8392]"Posible path injection (pwa\/install.js) (get)."
[2021-07-16 17:48:42] [1faoh86u3]"Posible path injection (pwa\/install.js) (get)."
[2021-07-16 17:48:44] [1faoh88p6]"Posible path injection (pwa\/install.js) (get)."
[2021-07-16 17:50:18] [1faohb40b]"Posible path injection (pwa\/install.js) (get)."
[2021-07-16 17:50:21] [1faohb70t]"Posible path injection (pwa\/install.js) (get)."
[2021-07-16 17:50:29] [1faohbeo8]"Posible path injection (pwa\/install.js) (get)."
[2021-07-16 17:51:00] [1faohcd5m]"Posible path injection (pwa\/install.js) (get)."
[2021-07-16 17:51:08] [1faohcl0r]"Posible path injection (pwa\/install.js) (get)."
[2021-07-16 17:51:10] [1faohcn2g]"Posible path injection (pwa\/install.js) (get)."
[2021-07-16 17:51:10] [1faohcnbo]"Posible path injection (pwa\/install.js) (get)."
[2021-07-16 17:51:11] [1faohcnjk]"Posible path injection (pwa\/install.js) (get)."
[2021-07-16 17:51:11] [1faohcnoe]"Posible path injection (pwa\/install.js) (get)."
[2021-07-16 17:51:11] [1faohcnsp]"Posible path injection (pwa\/hi.png) (get)."
[2021-07-16 17:51:11] [1faohcnsr]"Posible path injection (pwa\/low.png) (get)."
[2021-07-16 17:51:13] [1faohcpnk]"Posible path injection (pwa\/install.js) (get)."
[2021-07-16 17:51:19] [1faohcvo1]"Posible path injection (pwa\/install.js) (get)."
[2021-07-16 17:51:26] [1faohd6ml]"Posible path injection (pwa\/install.js) (get)."
[2021-07-16 17:53:10] [1faohgcje]"Posible path injection (pwa\/install.js) (get)."
[2021-07-16 17:53:30] [1faohh04o]"Posible path injection (pwa\/install.js) (get)."
[2021-07-16 17:53:33] [1faohh27t]"Posible path injection (pwa\/install.js) (get)."
[2021-07-16 17:53:34] [1faohh3ho]"Posible path injection (pwa\/install.js) (get)."
[2021-07-16 17:53:37] [1faohh6mt]"Posible path injection (pwa\/install.js) (get)."
[2021-07-16 17:53:41] [1faohha3d]"Posible path injection (pwa\/install.js) (get)."
[2021-07-16 17:54:13] [1faohi9i1]"Posible path injection (pwa\/install.js) (get)."
[2021-07-16 17:56:29] [1faohme4g]"Posible path injection (pwa\/install.js) (get)."
[2021-07-16 17:56:37] [1faohmm9k]"Posible path injection (pwa\/install.js) (get)."
[2021-07-16 17:56:43] [1faohmrrv]"Posible path injection (pwa\/install.js) (get)."
[2021-07-16 17:56:46] [1faohmuue]"Posible path injection (pwa\/install.js) (get)."
[2021-07-16 17:56:50] [1faohn2qt]"Posible path injection (pwa\/install.js) (get)."
[2021-07-16 17:57:20] [1faoho0k4]"Posible path injection (pwa\/install.js) (get)."
[2021-07-16 17:57:42] [1faoholod]"Posible path injection (pwa\/install.js) (get)."
[2021-07-16 17:57:43] [1faohomjt]"Posible path injection (pwa\/install.js) (get)."
[2021-07-16 17:57:43] [1faohomsr]"Posible path injection (pwa\/install.js) (get)."
[2021-07-16 17:57:44] [1faohoo8j]"Posible path injection (pwa\/install.js) (get)."
[2021-07-16 17:57:45] [1faohooe9]"Posible path injection (pwa\/hi.png) (get)."
[2021-07-16 17:57:45] [1faohooeb]"Posible path injection (pwa\/low.png) (get)."
[2021-07-16 17:57:47] [1faohoqba]"Posible path injection (pwa\/install.js) (get)."
[2021-07-19 16:03:03] [1fb02cstm]"Posible path injection (pwa\/install.js) (get)."
[2021-07-19 16:03:05] [1fb02cv7f]"Posible path injection (pwa\/hi.png) (get)."
[2021-07-19 16:03:12] [1fb02d69h]"Posible path injection (pwa\/low.png) (get)."
[2021-07-19 16:03:15] [1fb02d8gv]"Posible path injection (pwa\/install.js) (get)."
[2021-07-19 16:03:19] [1fb02dcbd]"Posible path injection (pwa\/install.js) (get)."
[2021-07-19 16:03:31] [1fb02doob]"Posible path injection (pwa\/install.js) (get)."
[2021-07-19 16:03:56] [1fb02eh4t]"Posible path injection (pwa\/install.js) (get)."
[2021-07-19 16:04:16] [1fb02f3se]"Posible path injection (pwa\/install.js) (get)."
[2021-07-19 16:04:31] [1fb02fja2]"Posible path injection (pwa\/install.js) (get)."
[2021-07-19 16:04:33] [1fb02fkoe]"Posible path injection (pwa\/install.js) (get)."
[2021-07-19 16:04:36] [1fb02fo83]"Posible path injection (pwa\/install.js) (get)."
[2021-07-19 16:04:57] [1fb02gcch]"Posible path injection (pwa\/install.js) (get)."
[2021-07-19 16:05:37] [1fb02hj5q]"Posible path injection (pwa\/install.js) (get)."
[2021-07-19 16:06:22] [1fb02ivln]"Posible path injection (pwa\/install.js) (get)."
[2021-07-19 16:06:24] [1fb02j1gc]"Posible path injection (pwa\/install.js) (get)."
[2021-07-19 16:06:26] [1fb02j38r]"Posible path injection (pwa\/install.js) (get)."
[2021-07-19 16:06:28] [1fb02j5ds]"Posible path injection (pwa\/install.js) (get)."
[2021-07-19 16:07:41] [1fb02lcll]"Posible path injection (pwa\/install.js) (get)."
[2021-07-19 16:07:46] [1fb02lhhf]"Posible path injection (pwa\/install.js) (get)."
[2021-07-19 16:07:52] [1fb02lnfg]"Posible path injection (pwa\/install.js) (get)."
[2021-07-19 16:08:27] [1fb02mpg9]"Posible path injection (pwa\/install.js) (get)."
[2021-07-19 16:09:15] [1fb02o8qo]"Posible path injection (pwa\/install.js) (get)."
[2021-07-19 16:12:45] [1fb02ult0]"Posible path injection (pwa\/install.js) (get)."
[2021-07-19 16:13:43] [1fb030ecu]"Posible path injection (pwa\/install.js) (get)."
[2021-07-19 16:14:43] [1fb0328jh]"Posible path injection (pwa\/install.js) (get)."
[2021-07-19 16:14:59] [1fb032nqv]"Posible path injection (pwa\/install.js) (get)."
[2021-07-19 16:15:11] [1fb0333rd]"Posible path injection (pwa\/install.js) (get)."
[2021-07-19 16:18:00] [1fb0388pj]"Posible path injection (pwa\/install.js) (get)."
[2021-07-19 16:18:34] [1fb039a2l]"Posible path injection (pwa\/install.js) (get)."
[2021-07-19 16:18:36] [1fb039bqv]"Posible path injection (pwa\/install.js) (get)."
[2021-07-19 16:18:37] [1fb039d77]"Posible path injection (pwa\/install.js) (get)."
[2021-07-19 16:18:40] [1fb039g33]"Posible path injection (pwa\/install.js) (get)."
[2021-07-19 16:18:44] [1fb039k8d]"Posible path injection (pwa\/install.js) (get)."
[2021-07-19 16:18:46] [1fb039mbl]"Posible path injection (pwa\/install.js) (get)."
[2021-07-19 16:18:48] [1fb039ngn]"Posible path injection (pwa\/install.js) (get)."
[2021-07-19 16:22:30] [1fb03ggbb]"Posible path injection (pwa\/install.js) (get)."
[2021-07-19 16:22:45] [1fb03gv5h]"Posible path injection (pwa\/install.js) (get)."
[2021-07-19 16:29:37] [1fb03ti4e]"Posible path injection (pwa\/install.js) (get)."
[2021-07-19 16:30:03] [1fb03uaoa]"Posible path injection (pwa\/install.js) (get)."
[2021-07-19 16:30:15] [1fb03umt0]"Posible path injection (pwa\/install.js) (get)."
[2021-07-19 16:37:25] [1fb04bqu0]"Posible path injection (pwa\/install.js) (get)."
[2021-07-19 16:37:35] [1fb04c42e]"Posible path injection (pwa\/install.js) (get)."
[2021-07-19 16:39:04] [1fb04er6b]"Posible path injection (pwa\/install.js) (get)."
[2021-07-19 16:40:01] [1fb04gjia]"Posible path injection (pwa\/install.js) (get)."
[2021-07-19 16:45:06] [1fb04pt7d]"Posible path injection (pwa\/install.js) (get)."
[2021-07-19 16:45:33] [1fb04qnoi]"Posible path injection (pwa\/install.js) (get)."
[2021-07-19 16:47:10] [1fb04tllh]"Posible path injection (pwa\/install.js) (get)."
[2021-07-19 16:47:14] [1fb04tpj8]"Posible path injection (pwa\/install.js) (get)."
[2021-07-19 16:47:32] [1fb04ubs5]"Posible path injection (pwa\/install.js) (get)."
[2021-07-19 17:24:31] [1fb0722vp]"Posible path injection (pwa\/install.js) (get)."
[2021-07-19 17:26:57] [1fb076gjm]"Posible path injection (pwa\/install.js) (get)."
[2021-07-19 17:26:58] [1fb076i3j]"Posible path injection (pwa\/install.js) (get)."
[2021-07-19 17:27:00] [1fb076jlj]"Posible path injection (pwa\/install.js) (get)."
[2021-07-19 17:27:03] [1fb076mgc]"Posible path injection (pwa\/install.js) (get)."
[2021-07-19 17:27:06] [1fb076pus]"Posible path injection (pwa\/install.js) (get)."
[2021-07-19 17:27:41] [1fb077ro9]"Posible path injection (pwa\/install.js) (get)."
[2021-07-19 17:27:42] [1fb077tgg]"Posible path injection (pwa\/install.js) (get)."
[2021-07-19 17:29:38] [1fb07be0u]"Posible path injection (pwa\/install.js) (get)."
[2021-07-19 17:29:41] [1fb07bh0n]"Posible path injection (pwa\/install.js) (get)."
[2021-07-19 17:29:45] [1fb07blgg]"Posible path injection (pwa\/install.js) (get)."
[2021-07-19 17:29:47] [1fb07bn4o]"Posible path injection (pwa\/install.js) (get)."
[2021-07-19 17:34:10] [1fb07jnr2]"Posible path injection (pwa\/install.js) (get)."
[2021-07-19 17:34:11] [1fb07jol3]"Posible path injection (pwa\/hi.png) (get)."
[2021-07-19 17:34:11] [1fb07jol5]"Posible path injection (pwa\/low.png) (get)."
[2021-07-19 17:34:13] [1fb07jqqd]"Posible path injection (pwa\/install.js) (get)."
[2021-07-19 17:34:14] [1fb07js7c]"Posible path injection (pwa\/install.js) (get)."
[2021-07-19 17:34:19] [1fb07k097]"Posible path injection (pwa\/install.js) (get)."
[2021-07-19 17:34:43] [1fb07ko6k]"Posible path injection (pwa\/install.js) (get)."
[2021-07-19 17:34:54] [1fb07l2uc]"Posible path injection (pwa\/install.js) (get)."
[2021-07-19 17:35:07] [1fb07lfmh]"Posible path injection (pwa\/install.js) (get)."
[2021-07-19 17:35:15] [1fb07ln97]"Posible path injection (pwa\/install.js) (get)."
[2021-07-19 17:35:16] [1fb07lono]"Posible path injection (pwa\/install.js) (get)."
[2021-07-19 17:35:19] [1fb07lriv]"Posible path injection (pwa\/install.js) (get)."
[2021-07-19 17:35:24] [1fb07lvq2]"Posible path injection (pwa\/install.js) (get)."
[2021-07-19 17:35:28] [1fb07m4ga]"Posible path injection (pwa\/install.js) (get)."
[2021-07-19 17:40:48] [1fb07vsog]"Posible path injection (pwa\/install.js) (get)."
[2021-07-19 17:40:51] [1fb07vvtr]"Posible path injection (pwa\/install.js) (get)."
[2021-07-19 17:40:56] [1fb08040e]"Posible path injection (pwa\/install.js) (get)."
[2021-07-19 17:41:05] [1fb080d80]"Posible path injection (pwa\/install.js) (get)."
[2021-07-19 17:41:22] [1fb080tnp]"Posible path injection (pwa\/install.js) (get)."
[2021-07-19 17:44:01] [1fb085oln]"Posible path injection (pwa\/install.js) (get)."
[2021-07-19 17:44:44] [1fb0872ru]"Posible path injection (pwa\/install.js) (get)."
[2021-07-19 17:44:47] [1fb0876fb]"Posible path injection (pwa\/install.js) (get)."
[2021-07-19 17:44:51] [1fb0879uq]"Posible path injection (pwa\/install.js) (get)."
[2021-07-19 17:44:58] [1fb087h0o]"Posible path injection (pwa\/install.js) (get)."
[2021-07-19 17:45:54] [1fb08977c]"Posible path injection (pwa\/install.js) (get)."
[2021-07-19 17:47:50] [1fb08col3]"Posible path injection (pwa\/install.js) (get)."
[2021-07-19 17:47:53] [1fb08cr9c]"Posible path injection (pwa\/install.js) (get)."
[2021-07-19 17:47:57] [1fb08cv3k]"Posible path injection (pwa\/install.js) (get)."
[2021-07-19 17:48:03] [1fb08d5qi]"Posible path injection (pwa\/install.js) (get)."
[2021-07-19 17:48:08] [1fb08daeo]"Posible path injection (pwa\/install.js) (get)."
[2021-07-19 17:48:20] [1fb08dmd6]"Posible path injection (pwa\/install.js) (get)."
[2021-07-19 17:48:22] [1fb08dnh7]"Posible path injection (pwa\/install.js) (get)."
[2021-07-19 17:48:25] [1fb08dqm4]"Posible path injection (pwa\/install.js) (get)."
[2021-07-19 17:48:29] [1fb08dv74]"Posible path injection (pwa\/install.js) (get)."
[2021-07-19 17:48:31] [1fb08e152]"Posible path injection (pwa\/install.js) (get)."
[2021-07-19 17:48:46] [1fb08efi3]"Posible path injection (pwa\/install.js) (get)."
[2021-07-19 17:48:50] [1fb08ejii]"Posible path injection (pwa\/install.js) (get)."
[2021-07-19 17:48:52] [1fb08ekrp]"Posible path injection (pwa\/install.js) (get)."
[2021-07-19 17:48:55] [1fb08eoau]"Posible path injection (pwa\/install.js) (get)."
[2021-07-19 17:49:06] [1fb08f2ke]"Posible path injection (pwa\/install.js) (get)."
[2021-07-19 17:49:48] [1fb08gbid]"Posible path injection (pwa\/install.js) (get)."
[2021-07-19 17:49:50] [1fb08gdnr]"Posible path injection (pwa\/install.js) (get)."
[2021-07-19 17:49:53] [1fb08gh05]"Posible path injection (pwa\/install.js) (get)."
[2021-07-19 17:50:06] [1fb08gtcb]"Posible path injection (pwa\/install.js) (get)."
[2021-07-19 17:50:38] [1fb08ht6v]"Posible path injection (pwa\/install.js) (get)."
[2021-07-19 17:52:07] [1fb08kjre]"Posible path injection (pwa\/install.js) (get)."
[2021-07-19 17:52:10] [1fb08kmf7]"Posible path injection (pwa\/install.js) (get)."
[2021-07-19 17:52:13] [1fb08kpde]"Posible path injection (pwa\/install.js) (get)."
[2021-07-19 17:52:19] [1fb08kvqd]"Posible path injection (pwa\/install.js) (get)."
[2021-07-19 17:52:24] [1fb08l409]"Posible path injection (pwa\/install.js) (get)."
[2021-07-19 17:52:32] [1fb08lchu]"Posible path injection (pwa\/install.js) (get)."
[2021-07-19 17:54:48] [1fb08phb7]"Posible path injection (pwa\/install.js) (get)."
[2021-07-19 17:55:04] [1fb08q0n7]"Posible path injection (pwa\/install.js) (get)."
[2021-07-19 17:55:12] []"Anonimo intentando acceder al administrador(getIndex)"
[2021-07-19 17:57:21] [1fb08u64j]"Posible path injection (favicon.ico\/index) (get)."
[2021-07-19 17:57:30] [1fb08ufi5]"Posible path injection (uploads\/1ee90kqlg.png) (get)."
[2021-07-19 17:57:39] [1fb08unmq]"Posible path injection (uploads\/1ee90kqlg.png) (get)."
[2021-07-19 17:57:46] [1fb08uuu9]"Posible path injection (uploads\/1ee90kqlg.png) (get)."
[2021-07-19 17:57:47] [1fb08uvmh]"Posible path injection (uploads\/1ee90kqlg.png) (get)."
[2021-07-19 17:57:48] [1fb08v08o]"Posible path injection (uploads\/1ee90kqlg.png) (get)."
[2021-07-19 17:57:52] [1fb08v45u]"Posible path injection (uploads\/1ee90kqlg.png) (get)."
[2021-07-19 18:20:23] [1fb0a8bq3]"Posible path injection (pwa\/install.js) (get)."
[2021-07-19 18:20:49] [1fb0a9507]"Posible path injection (pwa\/install.js) (get)."
[2021-07-19 18:21:10] [1fb0a9phl]"Posible path injection (pwa\/install.js) (get)."
[2021-07-19 18:22:03] [1fb0abe12]"Posible path injection (pwa\/install.js) (get)."
[2021-07-19 18:22:04] [1fb0abenk]"Posible path injection (pwa\/hi.png) (get)."
[2021-07-19 18:22:04] [1fb0abenm]"Posible path injection (pwa\/low.png) (get)."
[2021-07-19 18:22:14] [1fb0abonk]"Posible path injection (pwa\/install.js) (get)."
[2021-07-19 18:22:45] [1fb0acmb8]"Posible path injection (pwa\/install.js) (get)."
[2021-07-19 18:22:49] [1fb0acq6o]"Posible path injection (manifest.json\/index) (get)."
[2021-07-19 18:22:50] [1fb0acrfc]"Posible path injection (apple-touch-icon-precomposed.png\/index) (get)."
[2021-07-19 18:22:50] [1fb0acrfd]"Posible path injection (apple-touch-icon.png\/index) (get)."
[2021-07-19 18:22:50] [1fb0acrfd]"Posible path injection (favicon.ico\/index) (get)."
[2021-07-19 18:22:50] [1fb0acrfp]"Posible path injection (pwa\/low.png) (get)."
[2021-07-19 18:22:50] [1fb0acrfp]"Posible path injection (pwa\/hi.png) (get)."
[2021-07-19 18:22:50] [1fb0acrgo]"Posible path injection (pwa\/hi.png) (get)."
[2021-07-19 18:28:53] [1fb0anuer]"Posible path injection (pwa\/install.js) (get)."
[2021-07-19 18:30:18] [1fb0aqhce]"Posible path injection (pwa\/install.js) (get)."
[2021-07-19 18:30:20] [1fb0aqivk]"Posible path injection (pwa\/install.js) (get)."
[2021-07-19 18:31:04] [1fb0artuf]"Posible path injection (pwa\/install.js) (get)."
[2021-07-19 18:32:00] [1fb0atkdt]"Posible path injection (pwa\/install.js) (get)."
[2021-07-19 18:32:14] [1fb0au224]"Posible path injection (pwa\/install.js) (get)."
[2021-07-19 18:32:24] [1fb0aubun]"Posible path injection (pwa\/install.js) (get)."
[2021-07-19 18:32:35] [1fb0aumv6]"Posible path injection (pwa\/install.js) (get)."
[2021-07-19 18:32:38] [1fb0aupa3]"Posible path injection (pwa\/install.js) (get)."
[2021-07-19 18:32:40] [1fb0aurse]"Posible path injection (pwa\/install.js) (get)."
[2021-07-19 18:33:09] [1fb0avo82]"Posible path injection (pwa\/install.js) (get)."
[2021-07-19 18:33:14] [1fb0avta3]"Posible path injection (pwa\/install.js) (get)."
[2021-07-19 18:33:25] [1fb0b07tq]"Posible path injection (pwa\/install.js) (get)."
[2021-07-19 20:14:33] [1fb0gpdo0]"Posible path injection (pwa\/install.js) (get)."
[2021-07-19 20:14:35] [1fb0gpf2b]"Posible path injection (pwa\/install.js) (get)."
[2021-07-19 20:14:37] [1fb0gphlk]"Posible path injection (pwa\/install.js) (get)."
[2021-07-19 20:14:38] [1fb0gpi7o]"Posible path injection (pwa\/install.js) (get)."
[2021-07-19 20:14:38] [1fb0gpidm]"Posible path injection (pwa\/install.js) (get)."
[2021-07-19 20:14:38] [1fb0gpigq]"Posible path injection (pwa\/install.js) (get)."
[2021-07-19 20:14:38] [1fb0gpiml]"Posible path injection (pwa\/install.js) (get)."
[2021-07-19 20:14:40] [1fb0gpjuo]"Posible path injection (pwa\/install.js) (get)."
[2021-07-19 20:14:40] [1fb0gpkkp]"Posible path injection (pwa\/hi.png) (get)."
[2021-07-19 20:14:40] [1fb0gpkl0]"Posible path injection (pwa\/low.png) (get)."
[2021-07-19 20:15:49] [1fb0grnv8]"Posible path injection (pwa\/install.js) (get)."
[2021-07-19 20:16:21] [1fb0gsms3]"Posible path injection (pwa\/install.js) (get)."
[2021-07-19 20:16:24] [1fb0gspl1]"Posible path injection (pwa\/install.js) (get)."
[2021-07-19 20:16:48] [1fb0gth25]"Posible path injection (pwa\/install.js) (get)."
[2021-07-19 20:18:45] [1fb0h13v2]"Posible path injection (pwa\/install.js) (get)."
[2021-07-19 20:18:46] [1fb0h140g]"Posible path injection (uploads\/1fb0aqd7o.png) (get)."
[2021-07-19 20:21:45] [1fb0h6j2j]"Posible path injection (pwa\/install.js) (get)."
[2021-07-19 20:21:45] [1fb0h6j4g]"Posible path injection (uploads\/1fb0aqd7o.png) (get)."
[2021-07-19 20:21:45] [1fb0h6jma]"Posible path injection (pwa\/install.js) (get)."
[2021-07-19 20:21:45] [1fb0h6jnb]"Posible path injection (uploads\/1fb0aqd7o.png) (get)."
[2021-07-19 20:21:47] [1fb0h6l1k]"Posible path injection (pwa\/install.js) (get)."
[2021-07-19 20:21:47] [1fb0h6l2m]"Posible path injection (uploads\/1fb0aqd7o.png) (get)."
[2021-07-19 20:21:58] [1fb0h7050]"Posible path injection (pwa\/install.js) (get)."
[2021-07-19 20:22:07] [1fb0h78kl]"Posible path injection (pwa\/install.js) (get)."
[2021-07-19 20:22:11] [1fb0h7ctv]"Posible path injection (pwa\/install.js) (get)."
[2021-07-19 20:22:32] [1fb0h8121]"Posible path injection (pwa\/install.js) (get)."
[2021-07-19 20:23:46] [1fb0ha9dh]"Posible path injection (pwa\/install.js) (get)."
[2021-07-19 20:26:17] [1fb0hesfi]"Posible path injection (pwa\/install.js) (get)."
[2021-07-19 20:28:48] [1fb0hjgkl]"Posible path injection (pwa\/install.js) (get)."
[2021-07-19 20:30:03] [1fb0hlpnq]"Posible path injection (pwa\/install.js) (get)."
[2021-07-19 20:34:16] [1fb0hth3b]"Posible path injection (pwa\/install.js) (get)."
[2021-07-19 20:34:47] [1fb0huemu]"Posible path injection (pwa\/install.js) (get)."
[2021-07-19 20:34:55] [1fb0humqo]"Posible path injection (pwa\/install.js) (get)."
[2021-07-19 20:37:25] [1fb0i39j3]"Posible path injection (pwa\/install.js) (get)."
[2021-07-19 20:37:51] [1fb0i42tf]"Posible path injection (pwa\/install.js) (get)."
[2021-07-19 20:38:01] [1fb0i4c89]"Posible path injection (pwa\/install.js) (get)."
[2021-07-19 20:38:27] [1fb0i55of]"Posible path injection (pwa\/install.js) (get)."
[2021-07-19 20:38:46] [1fb0i5oh2]"Posible path injection (pwa\/install.js) (get)."
[2021-07-19 20:38:58] [1fb0i63tu]"Posible path injection (pwa\/install.js) (get)."
[2021-07-19 20:40:44] [1fb0i9bmk]"Posible path injection (pwa\/install.js) (get)."
[2021-07-19 20:41:04] [1fb0i9vf9]"Posible path injection (pwa\/install.js) (get)."
[2021-07-19 20:41:10] [1fb0ia4of]"Posible path injection (pwa\/install.js) (get)."
[2021-07-19 20:41:12] [1fb0ia7bl]"Posible path injection (pwa\/install.js) (get)."
[2021-07-19 20:41:16] [1fb0iaatm]"Posible path injection (pwa\/install.js) (get)."
[2021-07-19 20:41:27] [1fb0ial4i]"Posible path injection (pwa\/install.js) (get)."
[2021-07-19 20:41:30] [1fb0iao6a]"Posible path injection (pwa\/install.js) (get)."
[2021-07-19 20:41:37] [1fb0iaveh]"Posible path injection (pwa\/install.js) (get)."
[2021-07-19 20:43:54] [1fb0if5ei]"Posible path injection (pwa\/install.js) (get)."
[2021-07-19 20:44:08] [1fb0ifis0]"Posible path injection (pwa\/install.js) (get)."
[2021-07-19 20:44:14] [1fb0ifocd]"Posible path injection (pwa\/install.js) (get)."
[2021-07-19 20:45:29] [1fb0ii1id]"Posible path injection (pwa\/install.js) (get)."
[2021-07-19 20:53:15] [1fb0j08vj]"Posible path injection (manifest.json\/index) (get)."
[2021-07-19 20:53:16] [1fb0j09pr]"Posible path injection (apple-touch-icon-precomposed.png\/index) (get)."
[2021-07-19 20:53:16] [1fb0j09pr]"Posible path injection (apple-touch-icon.png\/index) (get)."
[2021-07-19 20:53:16] [1fb0j09pr]"Posible path injection (favicon.ico\/index) (get)."
[2021-07-19 20:53:16] [1fb0j09qa]"Posible path injection (pwa\/hi.png) (get)."
[2021-07-19 20:53:16] [1fb0j09qa]"Posible path injection (pwa\/low.png) (get)."
[2021-07-19 20:53:16] [1fb0j09qi]"Posible path injection (pwa\/hi.png) (get)."
[2021-07-19 20:53:21] [1fb0j0ehs]"Posible path injection (pwa\/install.js) (get)."
[2021-07-19 20:53:24] [1fb0j0hga]"Posible path injection (manifest.json\/index) (get)."
[2021-07-19 20:53:24] [1fb0j0hui]"Posible path injection (apple-touch-icon-precomposed.png\/index) (get)."
[2021-07-19 20:53:24] [1fb0j0hui]"Posible path injection (apple-touch-icon.png\/index) (get)."
[2021-07-19 20:53:24] [1fb0j0huj]"Posible path injection (favicon.ico\/index) (get)."
[2021-07-19 20:53:24] [1fb0j0i1h]"Posible path injection (pwa\/low.png) (get)."
[2021-07-19 20:53:24] [1fb0j0i1h]"Posible path injection (pwa\/hi.png) (get)."
[2021-07-19 20:53:24] [1fb0j0i20]"Posible path injection (pwa\/hi.png) (get)."
[2021-07-19 20:54:59] [1fb0j3ei5]"Posible path injection (apple-touch-icon-precomposed.png\/index) (get)."
[2021-07-19 20:54:59] [1fb0j3ei5]"Posible path injection (apple-touch-icon.png\/index) (get)."
[2021-07-19 20:54:59] [1fb0j3ei6]"Posible path injection (favicon.ico\/index) (get)."
[2021-07-19 20:54:59] [1fb0j3ej7]"Posible path injection (pwa\/low.png) (get)."
[2021-07-19 20:54:59] [1fb0j3ek1]"Posible path injection (pwa\/hi.png) (get)."
[2021-07-19 20:54:59] [1fb0j3eka]"Posible path injection (pwa\/hi.png) (get)."
[2021-07-19 20:55:03] [1fb0j3ia8]"Posible path injection (pwa\/install.js) (get)."
[2021-07-19 20:55:06] [1fb0j3kt4]"Posible path injection (apple-touch-icon.png\/index) (get)."
[2021-07-19 20:55:06] [1fb0j3kt4]"Posible path injection (favicon.ico\/index) (get)."
[2021-07-19 20:55:06] [1fb0j3kt4]"Posible path injection (apple-touch-icon-precomposed.png\/index) (get)."
[2021-07-19 20:55:06] [1fb0j3kv8]"Posible path injection (pwa\/hi.png) (get)."
[2021-07-19 20:55:06] [1fb0j3kv8]"Posible path injection (pwa\/low.png) (get)."
[2021-07-19 20:55:06] [1fb0j3kv8]"Posible path injection (pwa\/hi.png) (get)."
[2021-07-19 20:55:08] [1fb0j3ned]"Posible path injection (pwa\/install.js) (get)."
[2021-07-19 20:55:09] [1fb0j3of9]"Posible path injection (pwa\/install.js) (get)."
[2021-07-19 20:55:10] [1fb0j3pat]"Posible path injection (pwa\/install.js) (get)."
[2021-07-19 20:55:12] [1fb0j3rhk]"Posible path injection (apple-touch-icon-precomposed.png\/index) (get)."
[2021-07-19 20:55:12] [1fb0j3rhk]"Posible path injection (apple-touch-icon.png\/index) (get)."
[2021-07-19 20:55:12] [1fb0j3rhk]"Posible path injection (favicon.ico\/index) (get)."
[2021-07-19 20:55:12] [1fb0j3ri0]"Posible path injection (pwa\/low.png) (get)."
[2021-07-19 20:55:12] [1fb0j3ri0]"Posible path injection (pwa\/hi.png) (get)."
[2021-07-19 20:55:12] [1fb0j3rid]"Posible path injection (pwa\/hi.png) (get)."
[2021-07-19 20:55:17] [1fb0j3vpu]"Posible path injection (pwa\/install.js) (get)."
[2021-07-19 20:55:23] [1fb0j45im]"Posible path injection (pwa\/install.js) (get)."
[2021-07-19 20:55:24] [1fb0j477u]"Posible path injection (apple-touch-icon-precomposed.png\/index) (get)."
[2021-07-19 20:55:24] [1fb0j477u]"Posible path injection (apple-touch-icon.png\/index) (get)."
[2021-07-19 20:55:24] [1fb0j477v]"Posible path injection (favicon.ico\/index) (get)."
[2021-07-19 20:55:24] [1fb0j4789]"Posible path injection (pwa\/low.png) (get)."
[2021-07-19 20:55:24] [1fb0j478a]"Posible path injection (pwa\/hi.png) (get)."
[2021-07-19 20:55:24] [1fb0j479n]"Posible path injection (pwa\/hi.png) (get)."
[2021-07-19 20:55:38] [1fb0j4khr]"Posible path injection (pwa\/install.js) (get)."
[2021-07-19 20:55:41] [1fb0j4no1]"Posible path injection (favicon.ico\/index) (get)."
[2021-07-19 20:55:41] [1fb0j4no1]"Posible path injection (apple-touch-icon-precomposed.png\/index) (get)."
[2021-07-19 20:55:41] [1fb0j4no1]"Posible path injection (apple-touch-icon.png\/index) (get)."
[2021-07-19 20:55:41] [1fb0j4nqo]"Posible path injection (pwa\/hi.png) (get)."
[2021-07-19 20:55:41] [1fb0j4nqo]"Posible path injection (pwa\/hi.png) (get)."
[2021-07-19 20:55:41] [1fb0j4nqo]"Posible path injection (pwa\/low.png) (get)."
[2021-07-19 20:56:49] [1fb0j6pmr]"Posible path injection (pwa\/install.js) (get)."
[2021-07-19 20:56:50] [1fb0j6r53]"Posible path injection (apple-touch-icon-precomposed.png\/index) (get)."
[2021-07-19 20:56:50] [1fb0j6r54]"Posible path injection (apple-touch-icon.png\/index) (get)."
[2021-07-19 20:56:50] [1fb0j6r54]"Posible path injection (favicon.ico\/index) (get)."
[2021-07-19 20:56:50] [1fb0j6r8a]"Posible path injection (pwa\/low.png) (get)."
[2021-07-19 20:56:50] [1fb0j6rbp]"Posible path injection (pwa\/hi.png) (get)."
[2021-07-19 20:56:50] [1fb0j6rc1]"Posible path injection (pwa\/hi.png) (get)."
[2021-07-19 20:56:57] [1fb0j71gi]"Posible path injection (pwa\/hi.png) (get)."
[2021-07-19 20:56:57] [1fb0j71ii]"Posible path injection (apple-touch-icon-120x120-precomposed.png\/index) (get)."
[2021-07-19 20:56:57] [1fb0j71iu]"Posible path injection (apple-touch-icon-120x120.png\/index) (get)."
[2021-07-19 20:56:57] [1fb0j71ja]"Posible path injection (apple-touch-icon.png\/index) (get)."
[2021-07-19 20:56:57] [1fb0j71jn]"Posible path injection (apple-touch-icon.png\/index) (get)."
[2021-07-19 20:57:07] [1fb0j7boq]"Posible path injection (pwa\/install.js) (get)."
[2021-07-19 20:57:09] [1fb0j7d1n]"Posible path injection (pwa\/install.js) (get)."
[2021-07-19 20:57:09] [1fb0j7df8]"Posible path injection (pwa\/install.js) (get)."
[2021-07-19 20:57:09] [1fb0j7dp7]"Posible path injection (pwa\/install.js) (get)."
[2021-07-19 20:57:10] [1fb0j7e2b]"Posible path injection (pwa\/install.js) (get)."
[2021-07-19 20:57:10] [1fb0j7ec8]"Posible path injection (pwa\/install.js) (get)."
[2021-07-19 20:57:10] [1fb0j7emm]"Posible path injection (pwa\/install.js) (get)."
[2021-07-19 20:57:34] [1fb0j85m3]"Posible path injection (pwa\/install.js) (get)."
[2021-07-19 20:57:36] [1fb0j87js]"Posible path injection (favicon.ico\/index) (get)."
[2021-07-19 20:57:36] [1fb0j87js]"Posible path injection (apple-touch-icon-precomposed.png\/index) (get)."
[2021-07-19 20:57:36] [1fb0j87js]"Posible path injection (apple-touch-icon.png\/index) (get)."
[2021-07-19 20:57:36] [1fb0j87k6]"Posible path injection (pwa\/low.png) (get)."
[2021-07-19 20:57:36] [1fb0j87k6]"Posible path injection (pwa\/hi.png) (get)."
[2021-07-19 20:57:36] [1fb0j87kg]"Posible path injection (pwa\/hi.png) (get)."
[2021-07-19 20:57:39] [1fb0j8b2d]"Posible path injection (pwa\/hi.png) (get)."
[2021-07-19 20:57:39] [1fb0j8b2v]"Posible path injection (apple-touch-icon-120x120-precomposed.png\/index) (get)."
[2021-07-19 20:57:39] [1fb0j8b3g]"Posible path injection (apple-touch-icon-120x120.png\/index) (get)."
[2021-07-19 20:57:39] [1fb0j8b3v]"Posible path injection (apple-touch-icon.png\/index) (get)."
[2021-07-19 20:57:39] [1fb0j8b50]"Posible path injection (apple-touch-icon.png\/index) (get)."
[2021-07-19 20:57:45] [1fb0j8ggi]"Posible path injection (pwa\/install.js) (get)."
[2021-07-19 20:59:14] [1fb0jb7jn]"Posible path injection (pwa\/install.js) (get)."
[2021-07-19 20:59:16] [1fb0jb99g]"Posible path injection (apple-touch-icon-precomposed.png\/index) (get)."
[2021-07-19 20:59:16] [1fb0jb99h]"Posible path injection (apple-touch-icon.png\/index) (get)."
[2021-07-19 20:59:26] [1fb0jbiug]"Posible path injection (pwa\/install.js) (get)."
[2021-07-19 20:59:38] [1fb0jbui0]"Posible path injection (pwa\/install.js) (get)."
[2021-07-19 20:59:48] [1fb0jc921]"Posible path injection (pwa\/install.js) (get)."
[2021-07-19 21:00:34] [1fb0jdm09]"Posible path injection (pwa\/install.js) (get)."
[2021-07-19 21:00:42] [1fb0jdtpn]"Posible path injection (pwa\/install.js) (get)."
[2021-07-19 21:00:44] [1fb0jdv6v]"Posible path injection (pwa\/install.js) (get)."
[2021-07-19 21:00:47] [1fb0je2ko]"Posible path injection (pwa\/install.js) (get)."
[2021-07-19 21:00:49] [1fb0je465]"Posible path injection (pwa\/install.js) (get)."
[2021-07-19 21:00:51] [1fb0je5pv]"Posible path injection (pwa\/install.js) (get)."
[2021-07-19 21:00:53] [1fb0je8cd]"Posible path injection (pwa\/hi.png) (get)."
[2021-07-19 21:01:01] [1fb0jefm1]"Posible path injection (pwa\/install.js) (get)."
[2021-07-19 21:03:11] [1fb0jif9r]"Posible path injection (pwa\/install.js) (get)."
[2021-07-19 21:03:16] [1fb0jijeq]"Posible path injection (pwa\/install.js) (get)."
[2021-07-19 21:03:59] [1fb0jjtrl]"Posible path injection (pwa\/install.js) (get)."
[2021-07-19 21:04:05] [1fb0jk438]"Posible path injection (pwa\/install.js) (get)."
[2021-07-19 21:04:15] [1fb0jkdhd]"Posible path injection (pwa\/install.js) (get)."
[2021-07-19 21:05:53] [1fb0jndl8]"Posible path injection (pwa\/install.js) (get)."
[2021-07-19 21:05:55] [1fb0jneuu]"Posible path injection (pwa\/install.js) (get)."
[2021-07-19 21:05:59] [1fb0jnir0]"Posible path injection (pwa\/install.js) (get)."
[2021-07-19 21:06:18] [1fb0jo61m]"Posible path injection (pwa\/install.js) (get)."
[2021-07-19 21:06:33] [1fb0jok3l]"Posible path injection (pwa\/install.js) (get)."
[2021-07-19 21:06:50] [1fb0jp4q2]"Posible path injection (pwa\/install.js) (get)."
[2021-07-19 21:07:12] [1fb0jpq7r]"Posible path injection (pwa\/install.js) (get)."
[2021-07-19 21:07:19] [1fb0jq0ni]"Posible path injection (pwa\/install.js) (get)."
[2021-07-19 21:07:20] [1fb0jq2db]"Posible path injection (pwa\/install.js) (get)."
[2021-07-19 21:07:24] [1fb0jq6bd]"Posible path injection (pwa\/install.js) (get)."
[2021-07-19 21:07:36] [1fb0jqhlf]"Posible path injection (pwa\/install.js) (get)."
[2021-07-19 21:07:37] [1fb0jqion]"Posible path injection (pwa\/install.js) (get)."
[2021-07-19 21:07:38] [1fb0jqjf2]"Posible path injection (pwa\/install.js) (get)."
[2021-07-19 21:07:38] [1fb0jqk59]"Posible path injection (pwa\/install.js) (get)."
[2021-07-19 21:07:39] [1fb0jqkah]"Posible path injection (pwa\/install.js) (get)."
[2021-07-19 21:07:39] [1fb0jqkie]"Posible path injection (pwa\/install.js) (get)."
[2021-07-19 21:07:39] [1fb0jqkoh]"Posible path injection (pwa\/install.js) (get)."
[2021-07-19 21:07:39] [1fb0jql01]"Posible path injection (pwa\/install.js) (get)."
[2021-07-19 21:07:39] [1fb0jql6i]"Posible path injection (pwa\/install.js) (get)."
[2021-07-19 21:07:40] [1fb0jqlcg]"Posible path injection (pwa\/install.js) (get)."
[2021-07-19 21:07:40] [1fb0jqlit]"Posible path injection (pwa\/install.js) (get)."
[2021-07-19 21:07:40] [1fb0jqlpv]"Posible path injection (pwa\/install.js) (get)."
[2021-07-19 21:07:40] [1fb0jqm1n]"Posible path injection (pwa\/install.js) (get)."
[2021-07-19 21:07:41] [1fb0jqm6m]"Posible path injection (pwa\/install.js) (get)."
[2021-07-19 21:07:41] [1fb0jqmdc]"Posible path injection (pwa\/install.js) (get)."
[2021-07-19 21:07:42] [1fb0jqnh2]"Posible path injection (pwa\/install.js) (get)."
[2021-07-19 21:07:42] [1fb0jqnmn]"Posible path injection (pwa\/install.js) (get)."
[2021-07-19 21:07:42] [1fb0jqnsf]"Posible path injection (pwa\/install.js) (get)."
[2021-07-19 21:07:42] [1fb0jqo3l]"Posible path injection (pwa\/install.js) (get)."
[2021-07-19 21:07:43] [1fb0jqo7i]"Posible path injection (pwa\/install.js) (get)."
[2021-07-19 21:07:43] [1fb0jqod5]"Posible path injection (pwa\/install.js) (get)."
[2021-07-19 21:07:43] [1fb0jqoia]"Posible path injection (pwa\/install.js) (get)."
[2021-07-19 21:07:56] [1fb0jr5b1]"Posible path injection (pwa\/install.js) (get)."
[2021-07-19 21:07:57] [1fb0jr673]"Posible path injection (pwa\/install.js) (get)."
[2021-07-19 21:07:58] [1fb0jr6pn]"Posible path injection (pwa\/install.js) (get)."
[2021-07-19 21:07:58] [1fb0jr7dt]"Posible path injection (pwa\/install.js) (get)."
[2021-07-19 21:08:00] [1fb0jr94h]"Posible path injection (pwa\/install.js) (get)."
[2021-07-19 21:08:01] [1fb0jrajr]"Posible path injection (pwa\/install.js) (get)."
[2021-07-19 21:08:02] [1fb0jrbbo]"Posible path injection (pwa\/install.js) (get)."
[2021-07-19 21:08:03] [1fb0jrbtk]"Posible path injection (pwa\/install.js) (get)."
[2021-07-19 21:08:03] [1fb0jrcjj]"Posible path injection (pwa\/install.js) (get)."
[2021-07-19 21:08:04] [1fb0jrd40]"Posible path injection (pwa\/install.js) (get)."
[2021-07-19 21:08:10] [1fb0jrj55]"Posible path injection (pwa\/install.js) (get)."
[2021-07-19 21:08:11] [1fb0jrjsg]"Posible path injection (pwa\/install.js) (get)."
[2021-07-19 21:08:12] [1fb0jrkfq]"Posible path injection (pwa\/install.js) (get)."
[2021-07-19 21:08:12] [1fb0jrl09]"Posible path injection (pwa\/install.js) (get)."
[2021-07-19 21:08:13] [1fb0jrlem]"Posible path injection (pwa\/install.js) (get)."
[2021-07-19 21:08:13] [1fb0jrm0t]"Posible path injection (pwa\/install.js) (get)."
[2021-07-19 21:08:14] [1fb0jrmfr]"Posible path injection (pwa\/install.js) (get)."
[2021-07-19 21:08:14] [1fb0jrn0p]"Posible path injection (pwa\/install.js) (get)."
[2021-07-19 21:08:15] [1fb0jrnhe]"Posible path injection (pwa\/install.js) (get)."
[2021-07-19 21:08:15] [1fb0jrnsu]"Posible path injection (pwa\/install.js) (get)."
[2021-07-19 21:08:15] [1fb0jro7r]"Posible path injection (pwa\/install.js) (get)."
[2021-07-19 21:08:16] [1fb0jrohf]"Posible path injection (pwa\/install.js) (get)."
[2021-07-19 21:08:16] [1fb0jrooc]"Posible path injection (pwa\/install.js) (get)."
[2021-07-19 21:08:17] [1fb0jrpn5]"Posible path injection (pwa\/install.js) (get)."
[2021-07-19 21:08:17] [1fb0jrq1b]"Posible path injection (pwa\/install.js) (get)."
[2021-07-19 21:08:17] [1fb0jrqa7]"Posible path injection (pwa\/install.js) (get)."
[2021-07-19 21:08:18] [1fb0jrqhr]"Posible path injection (pwa\/install.js) (get)."
[2021-07-19 21:08:18] [1fb0jrqoq]"Posible path injection (pwa\/install.js) (get)."
[2021-07-19 21:08:18] [1fb0jrqvo]"Posible path injection (pwa\/install.js) (get)."
[2021-07-19 21:08:18] [1fb0jrr62]"Posible path injection (pwa\/install.js) (get)."
[2021-07-19 21:08:19] [1fb0jrrdr]"Posible path injection (pwa\/install.js) (get)."
[2021-07-19 21:08:19] [1fb0jrrmh]"Posible path injection (pwa\/install.js) (get)."
[2021-07-19 21:08:23] [1fb0jrvs0]"Posible path injection (pwa\/install.js) (get)."
[2021-07-19 21:08:24] [1fb0js0mr]"Posible path injection (pwa\/install.js) (get)."
[2021-07-19 21:08:32] [1fb0js8t4]"Posible path injection (pwa\/install.js) (get)."
[2021-07-19 21:08:37] [1fb0jscvh]"Posible path injection (pwa\/install.js) (get)."
[2021-07-19 21:08:40] [1fb0jsg7j]"Posible path injection (pwa\/install.js) (get)."
[2021-07-19 21:08:52] [1fb0jssfs]"Posible path injection (pwa\/install.js) (get)."
[2021-07-19 21:08:58] [1fb0jt1d4]"Posible path injection (pwa\/install.js) (get)."
[2021-07-19 21:08:59] [1fb0jt2jp]"Posible path injection (pwa\/install.js) (get)."
[2021-07-19 21:08:59] [1fb0jt39j]"Posible path injection (pwa\/install.js) (get)."
[2021-07-19 21:09:09] [1fb0jtc69]"Posible path injection (pwa\/install.js) (get)."
[2021-07-19 21:09:12] [1fb0jtfft]"Posible path injection (pwa\/install.js) (get)."
[2021-07-19 21:09:15] [1fb0jtiph]"Posible path injection (pwa\/install.js) (get)."
[2021-07-19 21:09:47] [1fb0jui10]"Posible path injection (pwa\/install.js) (get)."
[2021-07-20 01:50:47] [1fb1412uc]"Posible path injection (pwa\/install.js) (get)."
[2021-07-20 01:51:12] [1fb141r6l]"Posible path injection (pwa\/install.js) (get)."
[2021-07-20 01:51:25] [1fb1427jm]"Posible path injection (pwa\/install.js) (get)."
[2021-07-20 01:51:54] [1fb143430]"Posible path injection (pwa\/install.js) (get)."
[2021-07-20 01:52:11] [1fb143kcq]"Posible path injection (pwa\/install.js) (get)."
[2021-07-20 02:02:38] [1fb14mp1v]"Posible path injection (pwa\/install.js) (get)."
[2021-07-20 02:02:47] [1fb14n1cq]"Posible path injection (pwa\/install.js) (get)."
[2021-07-20 02:03:20] [1fb14o2bk]"Posible path injection (pwa\/install.js) (get)."
[2021-07-20 02:03:49] [1fb14ou92]"Posible path injection (pwa\/install.js) (get)."
[2021-07-20 02:04:08] [1fb14ph0v]"Posible path injection (pwa\/install.js) (get)."
[2021-07-20 02:04:14] [1fb14pmda]"Posible path injection (pwa\/install.js) (get)."
[2021-07-20 02:27:21] [1fb1640v0]"Posible path injection (pwa\/install.js) (get)."
[2021-07-20 02:27:30] [1fb1649eg]"Posible path injection (pwa\/install.js) (get)."
[2021-07-20 02:27:43] [1fb164mfg]"Posible path injection (pwa\/install.js) (get)."
[2021-07-20 02:27:45] [1fb164o9a]"Posible path injection (pwa\/install.js) (get)."
[2021-07-20 02:28:00] [1fb165744]"Posible path injection (pwa\/install.js) (get)."
[2021-07-20 02:28:09] [1fb165g7u]"Posible path injection (pwa\/install.js) (get)."
[2021-07-20 02:28:17] [1fb165nti]"Posible path injection (pwa\/install.js) (get)."
[2021-07-20 02:28:41] [1fb166eum]"Posible path injection (pwa\/install.js) (get)."
[2021-07-20 03:01:44] [1fb18300u]"Posible path injection (pwa\/install.js) (get)."
[2021-07-20 03:01:46] [1fb1831j8]"Posible path injection (pwa\/install.js) (get)."
[2021-07-20 03:01:49] [1fb183516]"Posible path injection (pwa\/install.js) (get)."
[2021-07-20 03:02:29] [1fb184bus]"Posible path injection (pwa\/install.js) (get)."
[2021-07-20 03:03:22] [1fb185vai]"Posible path injection (pwa\/install.js) (get)."
[2021-07-20 03:03:25] [1fb18620o]"Posible path injection (pwa\/install.js) (get)."
[2021-07-20 03:03:47] [1fb186nk0]"Posible path injection (pwa\/install.js) (get)."
[2021-07-20 03:03:50] [1fb186qnf]"Posible path injection (pwa\/install.js) (get)."
[2021-07-20 03:03:54] [1fb186ufg]"Posible path injection (pwa\/install.js) (get)."
[2021-07-20 03:03:55] [1fb187056]"Posible path injection (pwa\/install.js) (get)."
[2021-07-20 03:05:25] [1fb189nae]"Posible path injection (pwa\/install.js) (get)."
[2021-07-20 19:19:14] [1fb300rei]"Posible path injection (pwa\/install.js) (get)."
[2021-07-21 20:00:53] [1fb5kpqt4]"Posible path injection (pwa\/install.js) (get)."
[2021-07-21 20:00:58] []"Anonimo intentando acceder al administrador(getIndex)"
[2021-07-21 20:01:47] [1fb5krf9r]"Posible path injection (pwa\/install.js) (get)."
[2021-07-21 20:01:49] [1fb5krgv4]"Posible path injection (pwa\/install.js) (get)."
[2021-07-23 00:35:34] [1fb8mtggq]"Posible path injection (pwa\/install.js) (get)."
[2021-07-23 00:36:17] [1fb8muq05]"Posible path injection (pwa\/install.js) (get)."
[2021-07-23 00:36:17] [1fb8muq6a]"Posible path injection (pwa\/hi.png) (get)."
[2021-07-23 00:36:35] [1fb8mvc7o]"Posible path injection (pwa\/hi.png) (get)."
[2021-07-23 00:36:35] [1fb8mvc9n]"Posible path injection (pwa\/hi.png) (get)."
[2021-07-23 00:37:15] [1fb8n0it4]"Posible path injection (pwa\/install.js) (get)."
[2021-07-23 00:37:15] [1fb8n0j2k]"Posible path injection (pwa\/hi.png) (get)."
[2021-07-23 00:41:13] [1fb8n7quv]"Posible path injection (pwa\/install.js) (get)."
[2021-07-23 00:41:42] [1fb8n8nec]"Posible path injection (pwa\/install.js) (get)."
[2021-07-23 00:42:11] [1fb8n9k23]"Posible path injection (pwa\/install.js) (get)."
[2021-07-23 00:43:08] [1fb8nbbvt]"Posible path injection (pwa\/install.js) (get)."
[2021-07-23 00:43:23] [1fb8nbq0c]"Posible path injection (pwa\/install.js) (get)."
[2021-07-23 00:43:41] [1fb8ncbks]"Posible path injection (pwa\/install.js) (get)."
[2021-07-23 00:45:46] [1fb8ng6ev]"Posible path injection (pwa\/install.js) (get)."
[2021-07-23 00:45:56] [1fb8ngg0g]"Posible path injection (pwa\/install.js) (get)."
[2021-07-23 00:47:05] [1fb8niina]"Posible path injection (pwa\/install.js) (get)."
[2021-07-23 00:47:07] [1fb8nil0h]"Posible path injection (pwa\/install.js) (get)."
[2021-07-23 00:47:13] [1fb8nir8v]"Posible path injection (pwa\/install.js) (get)."
[2021-07-23 00:47:22] [1fb8nj40s]"Posible path injection (pwa\/install.js) (get)."
[2021-07-23 00:47:41] [1fb8njmbf]"Posible path injection (pwa\/install.js) (get)."
[2021-07-23 00:47:52] [1fb8nk14q]"Posible path injection (pwa\/install.js) (get)."
[2021-07-23 00:47:53] [1fb8nk2ec]"Posible path injection (pwa\/install.js) (get)."
[2021-07-23 00:48:00] [1fb8nk99n]"Posible path injection (pwa\/install.js) (get)."
[2021-07-23 00:49:02] []"Anonimo intentando acceder al administrador(getIndex)"
[2021-07-23 00:50:43] [1fb8np884]"Posible path injection (pwa\/install.js) (get)."
[2021-07-23 00:50:49] [1fb8npe23]"Posible path injection (pwa\/install.js) (get)."
[2021-07-23 00:51:00] [1fb8npo8k]"Posible path injection (pwa\/install.js) (get)."
[2021-07-23 00:51:01] [1fb8npp7e]"Posible path injection (pwa\/install.js) (get)."
[2021-07-23 00:51:02] [1fb8npquj]"Posible path injection (pwa\/install.js) (get)."
[2021-07-23 00:55:56] [1fb8o2q4f]"Posible path injection (pwa\/install.js) (get)."
[2021-07-23 00:55:56] [1fb8o2q64]"Posible path injection (uploads\/1fb0he547.png) (get)."
[2021-07-23 00:56:20] [1fb8o3h89]"Posible path injection (pwa\/install.js) (get)."
[2021-07-23 00:56:20] [1fb8o3ha6]"Posible path injection (uploads\/1fb0he547.png) (get)."
[2021-07-23 00:56:24] [1fb8o3lc7]"Posible path injection (pwa\/install.js) (get)."
[2021-07-23 00:56:24] [1fb8o3ldd]"Posible path injection (uploads\/1fb0he547.png) (get)."
[2021-07-23 00:56:29] [1fb8o3pto]"Posible path injection (pwa\/install.js) (get)."
[2021-07-23 00:56:29] [1fb8o3q2l]"Posible path injection (uploads\/1fb0he547.png) (get)."
[2021-07-23 00:56:48] [1fb8o4coe]"Posible path injection (pwa\/install.js) (get)."
[2021-07-23 00:56:54] [1fb8o4i2c]"Posible path injection (pwa\/install.js) (get)."
[2021-07-23 01:02:49] [1fb8ofdd3]"Posible path injection (pwa\/install.js) (get)."
[2021-07-23 01:03:36] [1fb8ogrcg]"Posible path injection (pwa\/install.js) (get)."
[2021-07-23 01:03:52] [1fb8ohatf]"Posible path injection (pwa\/install.js) (get)."
[2021-07-23 01:04:36] [1fb8oilsd]"Posible path injection (pwa\/install.js) (get)."
[2021-07-23 01:05:12] [1fb8ojp50]"Posible path injection (pwa\/install.js) (get)."
[2021-07-23 01:06:24] [1fb8oluqa]"Posible path injection (pwa\/install.js) (get)."
[2021-07-23 01:08:08] [1fb8op4ds]"Posible path injection (pwa\/install.js) (get)."
[2021-07-23 01:08:47] [1fb8oqb05]"Posible path injection (pwa\/install.js) (get)."
[2021-07-23 01:09:21] [1fb8orbsl]"Posible path injection (pwa\/install.js) (get)."
[2021-07-23 01:11:10] [1fb8oum1k]"Posible path injection (pwa\/install.js) (get)."
[2021-07-23 01:11:46] [1fb8ovpbf]"Posible path injection (pwa\/install.js) (get)."
[2021-07-23 01:12:03] [1fb8p09n6]"Posible path injection (pwa\/install.js) (get)."
[2021-07-23 01:12:46] [1fb8p1jik]"Posible path injection (pwa\/install.js) (get)."
[2021-07-23 01:15:40] [1fb8p6u00]"Posible path injection (pwa\/install.js) (get)."
[2021-07-23 01:16:37] [1fb8p8lv6]"Posible path injection (pwa\/install.js) (get)."
[2021-07-23 01:17:07] [1fb8p9j4o]"Posible path injection (pwa\/install.js) (get)."
[2021-07-23 01:17:33] [1fb8pacie]"Posible path injection (pwa\/install.js) (get)."
[2021-07-23 01:18:37] [1fb8pcb78]"Posible path injection (pwa\/install.js) (get)."
[2021-07-23 01:18:44] [1fb8pchej]"Posible path injection (pwa\/install.js) (get)."
[2021-07-23 01:19:41] [1fb8pe8v2]"Posible path injection (pwa\/install.js) (get)."
[2021-07-23 01:20:44] [1fb8pg6tc]"Posible path injection (pwa\/install.js) (get)."
[2021-07-23 01:20:47] [1fb8pg9ch]"Posible path injection (pwa\/install.js) (get)."
[2021-07-23 01:21:26] [1fb8phfh7]"Posible path injection (pwa\/install.js) (get)."
[2021-07-23 01:23:03] [1fb8pkeid]"Posible path injection (pwa\/install.js) (get)."
[2021-07-23 01:23:27] [1fb8pl66c]"Posible path injection (pwa\/install.js) (get)."
[2021-07-23 01:24:03] [1fb8pm9dg]"Posible path injection (pwa\/install.js) (get)."
[2021-07-23 01:26:11] [1fb8pq6ee]"Posible path injection (pwa\/install.js) (get)."
[2021-07-23 01:27:23] [1fb8pscuq]"Posible path injection (pwa\/install.js) (get)."
[2021-07-23 01:28:09] [1fb8ptpmo]"Posible path injection (pwa\/install.js) (get)."
[2021-07-23 01:28:20] [1fb8pu478]"Posible path injection (pwa\/install.js) (get)."
[2021-07-23 01:28:50] [1fb8pv16a]"Posible path injection (pwa\/install.js) (get)."
[2021-07-23 01:29:06] [1fb8pvgjk]"Posible path injection (pwa\/install.js) (get)."
[2021-07-23 01:29:07] [1fb8pvift]"Posible path injection (pwa\/install.js) (get)."
[2021-07-23 01:29:18] [1fb8pvsbp]"Posible path injection (pwa\/install.js) (get)."
[2021-07-23 01:51:54] [1fb8r98hv]"Posible path injection (sw.js\/index) (get)."
[2021-07-23 01:52:27] [1fb8ra98f]"Posible path injection (sw.js\/index) (get)."
[2021-07-23 01:53:32] [1fb8rc90a]"Posible path injection (sw.js\/index) (get)."
[2021-07-23 01:53:36] [1fb8rccu2]"Posible path injection (sw.js\/index) (get)."
[2021-07-23 01:53:37] [1fb8rcdv2]"Posible path injection (sw.js\/index) (get)."
[2021-07-23 01:53:42] [1fb8rcicu]"Posible path injection (sw.js\/index) (get)."
[2021-07-23 01:54:20] [1fb8rdnfg]"Posible path injection (sw.js\/index) (get)."
[2021-07-23 01:55:10] [1fb8rf8l4]"Posible path injection (sw.js\/index) (get)."
[2021-07-23 01:55:33] [1fb8rfv3t]"Posible path injection (sw.js\/index) (get)."
[2021-07-23 01:56:22] [1fb8rhev5]"Posible path injection (sw.js\/index) (get)."
[2021-07-23 01:57:44] [1fb8rjv3t]"Posible path injection (sw.js\/index) (get)."
[2021-07-23 01:58:08] [1fb8rkm7q]"Posible path injection (sw.js\/index) (get)."
[2021-07-23 01:58:53] [1fb8rm2h5]"Posible path injection (sw.js\/index) (get)."
[2021-07-23 01:59:53] [1fb8rnt03]"Posible path injection (sw.js\/index) (get)."
[2021-07-23 01:59:59] [1fb8ro30j]"Posible path injection (sw.js\/index) (get)."
[2021-07-23 02:00:03] [1fb8ro6fg]"Posible path injection (sw.js\/index) (get)."
[2021-07-23 02:01:31] [1fb8rqsaf]"Posible path injection (sw.js\/index) (get)."
[2021-07-23 02:01:45] [1fb8rrah1]"Posible path injection (sw.js\/index) (get)."
[2021-07-23 02:01:55] [1fb8rrk9g]"Posible path injection (sw.js\/index) (get)."
[2021-07-23 02:02:00] [1fb8rror8]"Posible path injection (sw.js\/index) (get)."
[2021-07-23 02:03:22] [1fb8ru8jt]"Posible path injection (pwa\/hi.png) (get)."
[2021-07-23 02:03:45] [1fb8ruv0u]"Posible path injection (pwa\/hi.png) (get)."
[2021-07-23 02:04:01] [1fb8rvev2]"Posible path injection (pwa\/hi.png) (get)."
